# JRE version: OpenJDK Runtime Environment Temurin-17.0.4.1+1 (17.0.4.1+1) (build 17.0.4.1+1)
# Java VM: OpenJDK 64-Bit Server VM Temurin-17.0.4.1+1 (17.0.4.1+1, mixed mode, tiered, compressed oops, compressed class ptrs, g1 gc, windows-amd64)
GC Precious Log:
 CPUs: 12 total, 12 available
 Memory: 16164M
 Large Page Support: Disabled
 NUMA Support: Disabled
 Compressed Oops: Enabled (Zero based)
 Heap Region Size: 2M
 Heap Min Capacity: 8M
 Heap Initial Capacity: 254M
 Heap Max Capacity: 4042M
 Pre-touch: Disabled
 Parallel Workers: 10
 Concurrent Workers: 3
 Concurrent Refinement Workers: 10
 Periodic GC: Disabled
Heap:
 garbage-first heap   total 110592K, used 42330K [0x0000000703600000, 0x0000000800000000)
  region size 2048K, 1 young (2048K), 1 survivors (2048K)
 Metaspace       used 74292K, committed 74688K, reserved 1122304K
  class space    used 9212K, committed 9408K, reserved 1048576K
GC Heap History (20 events):
Event: 3.688 GC heap after
{Heap after GC invocations=14 (full 0):
 garbage-first heap   total 155648K, used 22672K [0x0000000703600000, 0x0000000800000000)
  region size 2048K, 3 young (6144K), 3 survivors (6144K)
 Metaspace       used 60058K, committed 60416K, reserved 1105920K
  class space    used 7692K, committed 7872K, reserved 1048576K
}
Event: 4.160 GC heap before
{Heap before GC invocations=15 (full 0):
 garbage-first heap   total 90112K, used 69776K [0x0000000703600000, 0x0000000800000000)
  region size 2048K, 26 young (53248K), 3 survivors (6144K)
 Metaspace       used 64919K, committed 65216K, reserved 1105920K
  class space    used 8361K, committed 8512K, reserved 1048576K
}
Event: 4.165 GC heap after
{Heap after GC invocations=16 (full 0):
 garbage-first heap   total 90112K, used 25615K [0x0000000703600000, 0x0000000800000000)
  region size 2048K, 2 young (4096K), 2 survivors (4096K)
 Metaspace       used 64919K, committed 65216K, reserved 1105920K
  class space    used 8361K, committed 8512K, reserved 1048576K
}
Event: 4.421 GC heap before
{Heap before GC invocations=16 (full 0):
 garbage-first heap   total 90112K, used 66575K [0x0000000703600000, 0x0000000800000000)
  region size 2048K, 22 young (45056K), 2 survivors (4096K)
 Metaspace       used 67217K, committed 67648K, reserved 1114112K
  class space    used 8638K, committed 8832K, reserved 1048576K
}
Event: 4.426 GC heap after
{Heap after GC invocations=17 (full 0):
 garbage-first heap   total 90112K, used 32266K [0x0000000703600000, 0x0000000800000000)
  region size 2048K, 3 young (6144K), 3 survivors (6144K)
 Metaspace       used 67217K, committed 67648K, reserved 1114112K
  class space    used 8638K, committed 8832K, reserved 1048576K
}
Event: 4.523 GC heap before
{Heap before GC invocations=17 (full 0):
 garbage-first heap   total 90112K, used 62986K [0x0000000703600000, 0x0000000800000000)
  region size 2048K, 19 young (38912K), 3 survivors (6144K)
 Metaspace       used 67400K, committed 67840K, reserved 1114112K
  class space    used 8650K, committed 8832K, reserved 1048576K
}
Event: 4.528 GC heap after
{Heap after GC invocations=18 (full 0):
 garbage-first heap   total 90112K, used 41391K [0x0000000703600000, 0x0000000800000000)
  region size 2048K, 3 young (6144K), 3 survivors (6144K)
 Metaspace       used 67400K, committed 67840K, reserved 1114112K
  class space    used 8650K, committed 8832K, reserved 1048576K
}
Event: 4.594 GC heap before
{Heap before GC invocations=18 (full 0):
 garbage-first heap   total 90112K, used 61871K [0x0000000703600000, 0x0000000800000000)
  region size 2048K, 14 young (28672K), 3 survivors (6144K)
 Metaspace       used 67460K, committed 67840K, reserved 1114112K
  class space    used 8650K, committed 8832K, reserved 1048576K
}
Event: 4.598 GC heap after
{Heap after GC invocations=19 (full 0):
 garbage-first heap   total 108544K, used 48145K [0x0000000703600000, 0x0000000800000000)
  region size 2048K, 2 young (4096K), 2 survivors (4096K)
 Metaspace       used 67460K, committed 67840K, reserved 1114112K
  class space    used 8650K, committed 8832K, reserved 1048576K
}
Event: 4.666 GC heap before
{Heap before GC invocations=19 (full 0):
 garbage-first heap   total 108544K, used 72721K [0x0000000703600000, 0x0000000800000000)
  region size 2048K, 15 young (30720K), 2 survivors (4096K)
 Metaspace       used 67588K, committed 68032K, reserved 1114112K
  class space    used 8662K, committed 8832K, reserved 1048576K
}
Event: 4.670 GC heap after
{Heap after GC invocations=20 (full 0):
 garbage-first heap   total 108544K, used 55382K [0x0000000703600000, 0x0000000800000000)
  region size 2048K, 2 young (4096K), 2 survivors (4096K)
 Metaspace       used 67588K, committed 68032K, reserved 1114112K
  class space    used 8662K, committed 8832K, reserved 1048576K
}
Event: 25.840 GC heap before
{Heap before GC invocations=20 (full 0):
 garbage-first heap   total 108544K, used 77910K [0x0000000703600000, 0x0000000800000000)
  region size 2048K, 13 young (26624K), 2 survivors (4096K)
 Metaspace       used 71880K, committed 72256K, reserved 1114112K
  class space    used 9187K, committed 9344K, reserved 1048576K
}
Event: 25.844 GC heap after
{Heap after GC invocations=21 (full 0):
 garbage-first heap   total 108544K, used 58690K [0x0000000703600000, 0x0000000800000000)
  region size 2048K, 2 young (4096K), 2 survivors (4096K)
 Metaspace       used 71880K, committed 72256K, reserved 1114112K
  class space    used 9187K, committed 9344K, reserved 1048576K
}
Event: 47.252 GC heap before
{Heap before GC invocations=22 (full 0):
 garbage-first heap   total 110592K, used 77122K [0x0000000703600000, 0x0000000800000000)
  region size 2048K, 11 young (22528K), 2 survivors (4096K)
 Metaspace       used 73366K, committed 73792K, reserved 1114112K
  class space    used 9210K, committed 9408K, reserved 1048576K
}
Event: 47.253 GC heap after
{Heap after GC invocations=23 (full 0):
 garbage-first heap   total 110592K, used 59176K [0x0000000703600000, 0x0000000800000000)
  region size 2048K, 1 young (2048K), 1 survivors (2048K)
 Metaspace       used 73366K, committed 73792K, reserved 1114112K
  class space    used 9210K, committed 9408K, reserved 1048576K
}
Event: 47.406 GC heap before
{Heap before GC invocations=23 (full 0):
 garbage-first heap   total 110592K, used 61224K [0x0000000703600000, 0x0000000800000000)
  region size 2048K, 2 young (4096K), 1 survivors (2048K)
 Metaspace       used 73479K, committed 73920K, reserved 1114112K
  class space    used 9211K, committed 9408K, reserved 1048576K
}
Event: 47.407 GC heap after
{Heap after GC invocations=24 (full 0):
 garbage-first heap   total 110592K, used 47398K [0x0000000703600000, 0x0000000800000000)
  region size 2048K, 1 young (2048K), 1 survivors (2048K)
 Metaspace       used 73479K, committed 73920K, reserved 1114112K
  class space    used 9211K, committed 9408K, reserved 1048576K
}
Event: 47.562 GC heap before
{Heap before GC invocations=24 (full 0):
 garbage-first heap   total 110592K, used 49446K [0x0000000703600000, 0x0000000800000000)
  region size 2048K, 2 young (4096K), 1 survivors (2048K)
 Metaspace       used 73506K, committed 73984K, reserved 1114112K
  class space    used 9211K, committed 9408K, reserved 1048576K
}
Event: 47.564 GC heap after
{Heap after GC invocations=25 (full 0):
 garbage-first heap   total 110592K, used 42247K [0x0000000703600000, 0x0000000800000000)
  region size 2048K, 1 young (2048K), 1 survivors (2048K)
 Metaspace       used 73506K, committed 73984K, reserved 1114112K
  class space    used 9211K, committed 9408K, reserved 1048576K
}
Event: 51.818 GC heap before
{Heap before GC invocations=25 (full 0):
 garbage-first heap   total 110592K, used 79111K [0x0000000703600000, 0x0000000800000000)
  region size 2048K, 19 young (38912K), 1 survivors (2048K)
 Metaspace       used 74292K, committed 74688K, reserved 1122304K
  class space    used 9212K, committed 9408K, reserved 1048576K
}

